<?xml version="1.0" encoding="UTF-8"?>
<!-- Generated by org.testng.reporters.JUnitReportReporter -->
<testsuite hostname="Menefrego" name="com.example.tests.GroupCreationTests" tests="1" failures="0" timestamp="3 Apr 2014 22:11:11 GMT" time="3.485" errors="0">
  <testcase name="testNonEmptyGroupCreation" time="3.485" classname="com.example.tests.GroupCreationTests"/>
</testsuite> <!-- com.example.tests.GroupCreationTests -->
