<?xml version="1.0" encoding="UTF-8"?>
<!-- Generated by org.testng.reporters.JUnitReportReporter -->
<testsuite hostname="Menefrego" name="com.example.tests.GroupRemovalTests" tests="1" failures="0" timestamp="6 May 2014 17:29:22 GMT" time="2.330" errors="0">
  <testcase name="deleteSomeGroup" time="2.330" classname="com.example.tests.GroupRemovalTests"/>
</testsuite> <!-- com.example.tests.GroupRemovalTests -->
