<?xml version="1.0" encoding="UTF-8"?>
<!-- Generated by org.testng.reporters.JUnitReportReporter -->
<testsuite hostname="Menefrego" name="com.example.tests.ContactRemovalTests" tests="1" failures="0" timestamp="6 May 2014 17:29:22 GMT" time="0.568" errors="0">
  <testcase name="deleteSomeContact" time="0.568" classname="com.example.tests.ContactRemovalTests"/>
</testsuite> <!-- com.example.tests.ContactRemovalTests -->
