<?xml version="1.0" encoding="UTF-8"?>
<!-- Generated by org.testng.reporters.JUnitReportReporter -->
<testsuite hostname="Menefrego" name="com.example.tests.GroupCreationTests" tests="2" failures="0" timestamp="10 Mar 2014 20:39:52 GMT" time="2.202" errors="0">
  <testcase name="testEmptyGroupCreation" time="1.127" classname="com.example.tests.GroupCreationTests"/>
  <testcase name="testNonEmptyGroupCreation" time="1.075" classname="com.example.tests.GroupCreationTests"/>
</testsuite> <!-- com.example.tests.GroupCreationTests -->
