<?xml version="1.0" encoding="UTF-8"?>
<!-- Generated by org.testng.reporters.JUnitReportReporter -->
<testsuite hostname="Menefrego" name="com.example.tests.GroupCreationTests" tests="5" failures="0" timestamp="7 May 2014 18:10:13 GMT" time="11.741" errors="0">
  <testcase name="testGroupCreationWithValidData" time="2.557" classname="com.example.tests.GroupCreationTests"/>
  <testcase name="testGroupCreationWithValidData" time="2.253" classname="com.example.tests.GroupCreationTests"/>
  <testcase name="testGroupCreationWithValidData" time="2.229" classname="com.example.tests.GroupCreationTests"/>
  <testcase name="testGroupCreationWithValidData" time="2.142" classname="com.example.tests.GroupCreationTests"/>
  <testcase name="testGroupCreationWithValidData" time="2.560" classname="com.example.tests.GroupCreationTests"/>
</testsuite> <!-- com.example.tests.GroupCreationTests -->
