<?xml version="1.0" encoding="UTF-8"?>
<!-- Generated by org.testng.reporters.JUnitReportReporter -->
<testsuite hostname="Menefrego" name="com.example.tests.ContactCreationTests" tests="1" failures="0" timestamp="2 Apr 2014 08:15:46 GMT" time="2.471" errors="0">
  <testcase name="testContactData" time="2.471" classname="com.example.tests.ContactCreationTests"/>
</testsuite> <!-- com.example.tests.ContactCreationTests -->
