<?xml version="1.0" encoding="UTF-8"?>
<!-- Generated by org.testng.reporters.JUnitReportReporter -->
<testsuite hostname="Menefrego" name="com.example.tests.ContactCreationTests" tests="1" failures="0" timestamp="10 Mar 2014 22:14:47 GMT" time="1.698" errors="0">
  <testcase name="testContactData" time="1.698" classname="com.example.tests.ContactCreationTests"/>
</testsuite> <!-- com.example.tests.ContactCreationTests -->
