<?xml version="1.0" encoding="UTF-8"?>
<!-- Generated by org.testng.reporters.JUnitReportReporter -->
<testsuite hostname="Menefrego" name="com.example.tests.ContactCreationTests" tests="1" failures="0" timestamp="8 Apr 2014 20:55:35 GMT" time="2.802" errors="0">
  <testcase name="testContactData" time="2.802" classname="com.example.tests.ContactCreationTests"/>
</testsuite> <!-- com.example.tests.ContactCreationTests -->
