<?xml version="1.0" encoding="UTF-8"?>
<!-- Generated by org.testng.reporters.JUnitReportReporter -->
<testsuite hostname="Menefrego" name="com.example.tests.GroupModificationTest" tests="1" failures="0" timestamp="2 Apr 2014 08:15:46 GMT" time="1.627" errors="0">
  <testcase name="modifySomeGroup" time="1.627" classname="com.example.tests.GroupModificationTest"/>
</testsuite> <!-- com.example.tests.GroupModificationTest -->
