<?xml version="1.0" encoding="UTF-8"?>
<!-- Generated by org.testng.reporters.JUnitReportReporter -->
<testsuite hostname="Menefrego" name="com.example.tests.ContactModificationTests" tests="1" failures="0" timestamp="2 Apr 2014 08:15:46 GMT" time="0.951" errors="0">
  <testcase name="modifySomeContact" time="0.951" classname="com.example.tests.ContactModificationTests"/>
</testsuite> <!-- com.example.tests.ContactModificationTests -->
