<?xml version="1.0" encoding="UTF-8"?>
<!-- Generated by org.testng.reporters.JUnitReportReporter -->
<testsuite hostname="Menefrego" name="com.example.tests.GroupRemovalTests" tests="1" failures="0" timestamp="2 Apr 2014 08:15:46 GMT" time="1.410" errors="0">
  <testcase name="deleteSomeGroup" time="1.410" classname="com.example.tests.GroupRemovalTests"/>
</testsuite> <!-- com.example.tests.GroupRemovalTests -->
