<?xml version="1.0" encoding="UTF-8"?>
<!-- Generated by org.testng.reporters.JUnitReportReporter -->
<testsuite hostname="Menefrego" name="com.example.tests.GroupModificationTest" tests="5" failures="0" timestamp="6 May 2014 17:29:22 GMT" time="16.996" errors="0">
  <testcase name="modifySomeGroup" time="3.248" classname="com.example.tests.GroupModificationTest"/>
  <testcase name="modifySomeGroup" time="4.217" classname="com.example.tests.GroupModificationTest"/>
  <testcase name="modifySomeGroup" time="2.985" classname="com.example.tests.GroupModificationTest"/>
  <testcase name="modifySomeGroup" time="3.073" classname="com.example.tests.GroupModificationTest"/>
  <testcase name="modifySomeGroup" time="3.473" classname="com.example.tests.GroupModificationTest"/>
</testsuite> <!-- com.example.tests.GroupModificationTest -->
