<?xml version="1.0" encoding="UTF-8"?>
<!-- Generated by org.testng.reporters.JUnitReportReporter -->
<testsuite hostname="Menefrego" name="com.example.tests.GroupCreationTests" tests="2" failures="0" timestamp="11 Mar 2014 21:13:04 GMT" time="1.495" errors="0">
  <testcase name="testEmptyGroupCreation" time="0.734" classname="com.example.tests.GroupCreationTests"/>
  <testcase name="testNonEmptyGroupCreation" time="0.761" classname="com.example.tests.GroupCreationTests"/>
</testsuite> <!-- com.example.tests.GroupCreationTests -->
