<?xml version="1.0" encoding="UTF-8"?>
<!-- Generated by org.testng.reporters.JUnitReportReporter -->
<testsuite hostname="Menefrego" name="com.example.tests.ContactModificationTests" tests="1" failures="0" timestamp="6 May 2014 17:29:22 GMT" time="1.206" errors="0">
  <testcase name="modifySomeContact" time="1.206" classname="com.example.tests.ContactModificationTests"/>
</testsuite> <!-- com.example.tests.ContactModificationTests -->
