<?xml version="1.0" encoding="UTF-8"?>
<!-- Generated by org.testng.reporters.JUnitReportReporter -->
<testsuite hostname="Menefrego" name="com.example.tests.GroupCreationTests" tests="2" failures="0" timestamp="2 Apr 2014 08:15:46 GMT" time="2.796" errors="0">
  <testcase name="testEmptyGroupCreation" time="1.308" classname="com.example.tests.GroupCreationTests"/>
  <testcase name="testNonEmptyGroupCreation" time="1.488" classname="com.example.tests.GroupCreationTests"/>
</testsuite> <!-- com.example.tests.GroupCreationTests -->
